Arguments: 
  D:\Program Files\nodejs\node.exe C:\Users\sachi\AppData\Roaming\npm\node_modules\yarn\bin\yarn.js add emailjs-com

PATH: 
  C:\Program Files (x86)\Common Files\Oracle\Java\javapath;C:\Program Files\NVIDIA GPU Computing Toolkit\CUDA\v10.0\bin;C:\Program Files\NVIDIA GPU Computing Toolkit\CUDA\v10.0\libnvvp;C:\Python39\Scripts\;C:\Python39\;D:\Anaconda3\;D:\Anaconda3\Library\mingw-w64\bin;D:\Anaconda3\Library\usr\bin;D:\Anaconda3\Library\bin;D:\Anaconda3\Scripts;C:\Windows\system32;C:\Windows;C:\Windows\System32\Wbem;C:\Windows\System32\WindowsPowerShell\v1.0\;C:\Windows\System32\OpenSSH\;C:\Program Files (x86)\NVIDIA Corporation\PhysX\Common;C:\Program Files\NVIDIA Corporation\NVIDIA NvDLISR;D:\VersionControl\Git\cmd;D:\VersionControl\Git\mingw64\bin;D:\VersionControl\Git\usr\bin;D:\Program Files\Cmake\bin;C:\Program Files\NVIDIA Corporation\Nsight Compute 2019.5.0\;C:\Program Files (x86)\Microsoft SQL Server\150\DTS\Binn\;D:\Android\SDK\platform-tools;C:\Program Files\Microsoft SQL Server\Client SDK\ODBC\170\Tools\Binn\;C:\Program Files (x86)\Microsoft SQL Server\150\Tools\Binn\;C:\Program Files\Microsoft SQL Server\150\Tools\Binn\;C:\Program Files\Microsoft SQL Server\150\DTS\Binn\;D:\Codes\Compilers\Cpp\bin;D:\Codes\Compilers\java-8\jdk\bin;D:\Program Files\PuTTY\;D:\Program Files\nodejs\;C:\ProgramData\chocolatey\bin;C:\Program Files\Graphviz 2.44.1\bin;D:\Codes\buld\ffmpeg-2020-12-20-git-ab6a56773f-full_build\ffmpeg-2020-12-20-git-ab6a56773f-full_build\bin;D:\Program Files\MongoDB\Server\4.4\bin;C:\Program Files\NVIDIA GPU Computing Toolkit\CUDA\v10.0\cuda\bin;D:\Codes\Deeplearning\custom_objectDetecion\learning\protoc-3.14.0-win64\bin;C:\Users\sachi\.dnx\bin;C:\Program Files\Microsoft DNX\Dnvm\;C:\Program Files\Microsoft SQL Server\130\Tools\Binn\;C:\Program Files\NVIDIA GPU Computing Toolkit\CUDA\v10.0\extras\CUPTI\libx64;C:\Program Files\NVIDIA Corporation\Nsight Compute 2019.1\;C:\Users\sachi\AppData\Roaming\npm;E:\Softwares\sqlite\sqlite-tools-win32-x86-3350000;D:\Program Files\PostgreSQL\13\bin;;%SystemRoot%\system32;%SystemRoot%;%SystemRoot%\System32\Wbem;%SYSTEMROOT%\System32\WindowsPowerShell\v1.0\;%SYSTEMROOT%\System32\OpenSSH\;C:\Users\sachi\AppData\Local\Microsoft\WindowsApps;D:\IDE\Microsoft VS Code\bin;C:\Program Files\Azure Data Studio\bin;D:\Users\sachi\AppData\Roaming\npm;C:\Users\sachi\AppData\Local\hyper\app-3.0.2\resources\bin;C:\Program Files\Graphviz 2.44.1\bin;D:\Codes\buld\ffmpeg-2020-12-20-git-ab6a56773f-full_build\ffmpeg-2020-12-20-git-ab6a56773f-full_build\bin;D:\Program Files\heroku\bin;C:\Users\sachi\AppData\Local\gitkraken\bin;D:\Android\SDK\platform-tools;;%USERPROFILE%\AppData\Local\Microsoft\WindowsApps

Yarn version: 
  1.22.10

Node version: 
  14.15.1

Platform: 
  win32 x64

Trace: 
  Error: EPERM: operation not permitted, unlink 'D:\Codes\webDev\react\react-portfolio\node_modules\node-sass\vendor\win32-x64-83\binding.node'

npm manifest: 
  {
    "name": "portfolio",
    "version": "0.1.0",
    "private": true,
    "homepage": "https://version0chiro.github.io/react-portfolio/",
    "dependencies": {
      "bootstrap": "^4.3.1",
      "jquery": "^3.4.1",
      "lightbox2": "^2.11.0",
      "node-sass": "^4.14.1",
      "normalize.css": "^8.0.1",
      "popper.js": "^1.15.0",
      "react": "^16.8.6",
      "react-bootstrap": "^1.6.0",
      "react-dom": "^16.8.6",
      "react-github-stats-card": "^1.0.1",
      "react-github-stats-card-v2": "^1.2.0",
      "react-icons": "^4.2.0",
      "react-scripts": "^3.3.0",
      "react-typed": "^1.1.2",
      "react-ui-cards": "^2.0.0",
      "typed.js": "^2.0.10"
    },
    "scripts": {
      "predeploy": "npm run build",
      "deploy": "gh-pages -d build",
      "start": "react-scripts start",
      "build": "react-scripts build",
      "test": "react-scripts test",
      "eject": "react-scripts eject"
    },
    "eslintConfig": {
      "extends": "react-app"
    },
    "browserslist": {
      "production": [
        ">0.2%",
        "not dead",
        "not op_mini all"
      ],
      "development": [
        "last 1 chrome version",
        "last 1 firefox version",
        "last 1 safari version"
      ]
    },
    "devDependencies": {
      "gh-pages": "^2.2.0"
    }
  }

yarn manifest: 
  No manifest

Lockfile: 
  No lockfile
